TN:
SF:src/app/db.ts
FN:3,initializeDB
FN:7,request.onupgradeneeded
FN:14,request.onsuccess
FN:18,request.onerror
FN:24,savePdfToDB
FN:32,request.onsuccess
FN:33,request.onerror
FN:37,loadPdfsFromDB
FNF:8
FNH:5
FNDA:2,initializeDB
FNDA:1,request.onupgradeneeded
FNDA:1,request.onsuccess
FNDA:0,request.onerror
FNDA:1,savePdfToDB
FNDA:0,request.onsuccess
FNDA:0,request.onerror
FNDA:1,loadPdfsFromDB
DA:1,1
DA:2,1
DA:3,1
DA:4,2
DA:5,2
DA:6,2
DA:7,2
DA:8,1
DA:9,1
DA:10,1
DA:11,1
DA:12,1
DA:13,2
DA:14,2
DA:15,1
DA:16,1
DA:17,2
DA:18,2
DA:19,0
DA:20,0
DA:21,2
DA:22,2
DA:23,1
DA:24,1
DA:25,1
DA:26,1
DA:27,1
DA:28,1
DA:29,1
DA:30,1
DA:31,1
DA:32,1
DA:33,1
DA:34,1
DA:35,1
DA:36,1
DA:37,1
DA:38,1
DA:39,0
DA:40,0
DA:41,0
DA:42,0
DA:43,0
DA:44,0
DA:45,0
DA:46,0
DA:47,0
DA:48,0
LF:48
LH:36
BRDA:3,0,0,2
BRDA:4,1,0,2
BRDA:7,2,0,1
BRDA:14,3,0,1
BRDA:24,4,0,1
BRDA:29,5,0,1
BRDA:37,6,0,1
BRDA:38,7,0,0
BRF:8
BRH:7
end_of_record
TN:
SF:src/app/page.tsx
FN:25,HomePage
FN:29,onSuccess
FN:34,onError
FN:48,handleInput
FN:61,onFileChange
FN:90,onDocumentLoadSuccess
FN:96,loadHistoryPdf
FNF:7
FNH:4
FNDA:4,HomePage
FNDA:1,onSuccess
FNDA:0,onError
FNDA:1,handleInput
FNDA:0,onFileChange
FNDA:1,onDocumentLoadSuccess
FNDA:0,loadHistoryPdf
DA:1,1
DA:2,1
DA:3,1
DA:4,1
DA:5,1
DA:6,1
DA:7,1
DA:8,1
DA:9,1
DA:10,1
DA:11,1
DA:12,1
DA:13,1
DA:14,1
DA:15,1
DA:16,1
DA:17,1
DA:18,1
DA:19,1
DA:20,1
DA:21,1
DA:22,1
DA:23,1
DA:24,1
DA:25,1
DA:26,4
DA:27,4
DA:28,4
DA:29,4
DA:30,1
DA:31,1
DA:32,0
DA:33,0
DA:34,4
DA:35,0
DA:36,0
DA:37,4
DA:38,4
DA:39,4
DA:40,4
DA:41,4
DA:42,4
DA:43,4
DA:44,4
DA:45,4
DA:46,4
DA:47,4
DA:48,4
DA:49,1
DA:50,1
DA:51,4
DA:52,4
DA:53,0
DA:54,0
DA:55,0
DA:56,0
DA:57,4
DA:58,4
DA:59,4
DA:60,4
DA:61,4
DA:62,0
DA:63,0
DA:64,0
DA:65,0
DA:66,0
DA:67,0
DA:68,0
DA:69,0
DA:70,0
DA:71,0
DA:72,0
DA:73,0
DA:74,4
DA:75,4
DA:76,4
DA:77,1
DA:78,1
DA:79,1
DA:80,1
DA:81,1
DA:82,1
DA:83,0
DA:84,0
DA:85,0
DA:86,1
DA:87,4
DA:88,4
DA:89,4
DA:90,4
DA:91,1
DA:92,1
DA:93,1
DA:94,1
DA:95,4
DA:96,4
DA:97,0
DA:98,0
DA:99,0
DA:100,0
DA:101,0
DA:102,4
DA:103,4
DA:104,1
DA:105,4
DA:106,4
DA:107,4
DA:108,4
DA:109,4
DA:110,4
DA:111,4
DA:112,4
DA:113,4
DA:114,0
DA:115,0
DA:116,4
DA:117,4
DA:118,4
DA:119,4
DA:120,4
DA:121,4
DA:122,4
DA:123,4
DA:124,4
DA:125,4
DA:126,4
DA:127,4
DA:128,4
DA:129,4
DA:130,4
DA:131,4
DA:132,4
DA:133,4
DA:134,4
DA:135,4
DA:136,4
DA:137,4
DA:138,4
DA:139,4
DA:140,4
DA:141,4
DA:142,4
DA:143,4
DA:144,4
DA:145,4
DA:146,4
DA:147,4
DA:148,4
DA:149,4
DA:150,4
DA:151,4
DA:152,4
DA:153,4
DA:154,4
DA:155,4
DA:156,4
DA:157,4
DA:158,4
DA:159,4
DA:160,4
DA:161,4
DA:162,4
DA:163,4
DA:164,4
DA:165,4
DA:166,4
DA:167,4
LF:167
LH:137
BRDA:25,0,0,4
BRDA:113,1,0,0
BRDA:29,2,0,1
BRDA:31,3,0,0
BRDA:48,4,0,1
BRDA:76,5,0,1
BRDA:82,6,0,0
BRDA:90,7,0,1
BRDA:103,8,0,1
BRDA:153,9,0,4
BRDA:158,10,0,0
BRF:11
BRH:7
end_of_record
